nohup: 入力を無視します
Target categories specified: ['sport', 'ideology', 'System of law', 'Legal Case']. Will generate features only for these categories.
Total proper nouns collected: 158013
Total proper nouns after removing duplicates: 123174
150以上の固有名詞があるカテゴリの数: 159
Target categories specified: ['sport', 'ideology', 'Legal Case']. Will generate features only for these categories.
=== Generating factual feature sentences from Wikipedia articles ===
Preparing prompts and schemas...
Preparing prompts and schemas...
Already generated concepts: ['Garcia v. San Antonio Metropolitan Transit Authority', 'United Nations Security Council mural', 'The Blue Rigi', 'Kissing Coppers', 'Silent Majority', 'The Courtyard of the Old Residency in Munich', 'Catherine of Alexandria (Kornaros)', 'Eurorails', 'hierocracy', 'Manassas', 'white supremacy', 'Team Yankee', 'Mixmath', 'Little Russian identity', 'Last Supper', 'Pan American Unity', 'Fredericksburg: The Union Repulsed', 'Wahoo', 'The Escape of a Heretic, 1559', 'Madonna of the Yarnwinder', 'Spitfire', 'flag football', 'Highway to the Reich', 'Theotokos Fyodorovskaya', 'murder of Giulio Regeni', 'Kahanism', 'Cups', 'Duria Antiquior', 'Sittensen murders', 'Reference re Secession of Quebec', 'Advanced Squad Leader', 'Flyball', 'War in the Ice', 'Quatre Bras: Stalemate on the Brussels Road', 'hup taem', 'Stawell Gift', 'Submarine', 'paleolibertarianism', 'Make Everything Great Again', 'Ustyug Annunciation', 'Unlock!', 'Kingdom Death: Monster', 'Julius Caesar', 'fox tossing', 'United States v. Oppenheimer', 'The English Civil War', 'Cauldron: Battle of Gazala, May 1942', 'John Company', 'Moscow, third Rome', 'Euro-Slavism', 'Mercenary', 'James Joyce ramble', 'Jacob’s Ladder', 'Royal Courts of Justice', 'tee-ball', 'Donkey Kong high score competition', 'Fifth Frontier War', 'Dieppe', 'social conservatism', 'Heelwork to music', 'exhibition shooting', 'Robert Czakó Mural', 'Elfstedentocht', 'Magistrate of Brussels', 'Ice War', 'Great Manchester Run', 'Indigenous feminism', 'Puerto Rico', 'mural of Marcus Rashford', 'Napoleon at Leipzig', 'pankration', 'La Bataille de la Moscowa', 'Our Lady of Perpetual Help', 'Dock jumping', '1910 London to Manchester air race', "Ba'athism", 'Brownism', 'Cambrai Madonna', 'Star Wars: The Interactive Video Board Game', 'Headache', 'pumpkin chunking', 'Grav Armor', 'Our Lady of Šiluva', 'hang gliding', 'Bostock v. Clayton County, Georgia', 'Internet Diplomacy', 'Chicano nationalism', 'Uppspretta', 'Landscape with Wheelbarrow', 'High Speed Telegraphy', 'New York State Rifle & Pistol Association, Inc. v. Bruen', 'hapkido', 'The Annunciation', 'Tock', 'Raketny Kreyser', 'centrism', 'Pole-sitting', 'The Chocolate Girl', 'Waterball', 'Chardal', 'human-baiting', 'platformism', 'Bull-baiting', 'Congkak', 'Arnhem Bridge', 'skimboarding', 'death of Starr Faithfull', 'Klausism', 'Chinese handball', 'Axis & Allies: World War I 1914', 'Bat and trap', 'Punchball', "Noah's Ark", 'The Miracle of the Holy Belt', "Auckland Women's Suffrage Memorial", 'Historia de la medicina y la farmacia en Chile', 'NATO: Operational Combat in Europe in the 1970s', 'Canadian federalism', 'Laquet', 'Our Lady of Solitude of Porta Vaga', 'Othello', 'ice cricket', 'Reich', 'Tribute to the Eucharist (Damaskinos)', "Wellington's Victory: Battle of Waterloo Game – June 18th, 1815", 'Home Ball', 'Parcheesi', 'Fire in the East', 'Patagonian Expedition Race', 'Our Lady of Budslau', 'Palestinian nationalism', 'Chinese unification', 'Turning Point: Stalingrad', 'bull running', 'Our Lady of Kazan', 'scoutball', 'Mareorama', 'Tannhäuser', 'Our Lady of the Sign', 'War of the Ring', 'Virgin Glykofilousa (Karantinos)', 'Mission Dolores mural', 'professional wrestling', 'Adaptive Standing Tennis', 'Icon of the Triumph of Orthodoxy', 'GIPF project', 'drug liberalization', 'ultraconservatism', 'Conductores de Venezuela', 'Obligations of States in respect of climate change', 'buzkashi', 'Ulster loyalism', 'BattleFleet Mars', 'Freedom for Humanity', 'Lehighton', 'Kurumba painting', 'Ticktack', 'Arab socialism', 'Bloody Buna', 'Sinjska alka', 'post-anarchism', 'Victory at Sea', 'Juche', 'Bando', 'BASE jumping', 'Lee at the Crossroads', 'Weight pulling', 'dog fighting', 'Four Noes and One Without', 'libertarian transhumanism', 'The Great War in the East', 'Sutton twin towns mural', 'Provincial Judges Reference', 'Rock art of the Chumash people', 'Chopat', 'white jihad', 'post-left anarchy', 'synarchism', 'The Epic of American Civilization', 'Around the World in 80 Days', 'dataism', 'Neo-Slavism', 'Crusader: Battle for Tobruk, November 1941', 'Camilism', 'Along the River During the Qingming Festival', 'Conflict of Heroes', 'Godsfire', 'Zionism', 'Entry of Christ into Jerusalem', 'Feudal', 'Avenida Paulista no dia da Inauguração, 8 de Dezembro de 1891', 'paraclimbing', 'The Peace Kids (mural)', 'Hex', 'Beethoven Frieze', 'Jewish Autonomism', 'Historical Panorama of Alabama Agriculture', 'Transfiguration and Monastic Scenes (Klontzas)', 'Metaxism', 'Coral Sea', 'economic liberalism', 'Gandhian socialism', 'Antifa in Germany', 'anarcho-primitivism', 'The Ironclads', 'foxhunting', 'murder of Katarzyna Zowada', 'Cross of Iron', 'La Memoria De Nuestra Tierra (Calif. 1996)', 'Bay of Pigs', 'Breakthrough', 'French nationalism', 'Lamentation over the Dead Christ', 'Monaco Grand Prix Formula Three support race', 'British nationalism', 'criticisms of Marxism', 'Inexhaustible Chalice', 'left communism', 'Conservative democracy', 'Revolt in the East', 'Yut', 'Rift Trooper', 'Siberian regionalism', 'Kirchnerism', 'The Civil War 1861–1865', 'Archeio-Marxism', 'Battle of the Wilderness: Gaining the Initiative, May 5-6, 1864', 'Seated Woman with Bent Knees', 'Qubic', '18XX', 'skee ball', 'Blokus', 'Nuremberg trials', 'hnefatafl', 'Man at the Crossroads', 'Bardia Mural', "Mukden: Sino-Soviet Combat in the '70s", 'Azuchi Screens', 'Lord of the Rings', 'Super Alexia', 'synthesis anarchism', 'Leda and the Swan', 'Trump v. United States', 'Untitled (Urban Wall)', 'Saddamism', 'Uckers', 'Proud Monster', 'The Great Wall of Los Angeles', 'Stay Up Late', 'Lee Moves North', 'Far Hills Races', 'Adams v. Tanner', 'wingfoiling', 'Arcola, The Battle for Italy 1796', 'Furman v. Georgia', 'Meadows near Rijswijk and the Schenkweg', 'Berberism', 'The Last Judgment', 'Jahangir Visiting the Ascetic Jadrup', 'Red Storm Rising', 'Newcomb ball', 'Asteroid Zero-Four', 'Our Lady of Smolensk', 'Militant accelerationism', 'MiG Killers', 'Children Under a Palm', 'Adoration of the Kings', 'EastFront', 'Idiotarod', 'monarchism in Brazil', 'Hound trailing', 'Tamil nationalism', 'egoist anarchism', 'Sears, Roebuck & Co. v. Stiffel Co.', 'bull riding', 'Early Snow on the River', 'The Battle of Anghiari', 'chess boxing', 'The Last Judgment (Kavertzas)', 'unionism in Scotland', 'The Dormition and Assumption of the Virgin (Moskos)', 'Galicianism', 'Pachisi', 'market socialism', 'Luftwaffe', 'Tree of Jesse (Victor)', 'Kolven', 'Gilbert v. California', "Napoleon's Last Campaigns", 'Theotokos of Bogolyubovo', 'The Battle of Britain', 'Cox v. Louisiana', 'My God, Help Me to Survive This Deadly Love', 'seven stones', 'Race of Champions', 'Parchís', 'Hooker and Lee', 'Eureka Rebellion', 'Waboba', 'Somali nationalism', 'Gettysburg', 'Commissioner v. Duberstein', 'Ancha icon', 'utopian socialism', 'Vision of the Apocalypse (Bathas)', 'Coasteering', 'Fanorona', 'Students for Fair Admissions v. Harvard', 'Shearwater Cottage Murals', 'Vacco v. Quill', 'goose pulling', 'Ricochet', 'Edwards v Canada (Attorney General)', 'Arms Race', 'masculism', 'Tronald Dump', 'Afroyim v. Rusk', 'London Colosseum', 'green conservatism', 'Tom Cafferty', 'Marxism–Leninism–Maoism', '16-inch softball', 'Torgau', 'Sandinismo', 'Manoppello Image', 'neo-Ottomanism', 'republicanism in the United States', 'Fritzl case', 'Afrikaner nationalism', 'proslavery', 'Skin Hunters', 'Eton wall game', 'ice sailing', 'Eidophusikon', 'flowriding', 'Antietam: The Bloodiest Day, 17 September 1862', 'Quarto', 'Patball', 'Oware', 'Tanzanian draughts', 'Kurdish nationalism', 'The Holy Trinity (Romas)', 'Savoyard nationalism', 'Austria victim theory', 'The Siege of Jerusalem', 'The Vine of the Virgin (Tzanes)', "Napoleon's Last Battles", 'Gaitskellism', 'Halma', 'Religious-Nationalists', 'The Knowledge', 'youth association football', 'Rivets', 'Disc dog', 'grande fresque de la gare de Lyon', 'Cohens v. Virginia', 'Boyer v. Boyer', 'The Peloponnesian War', "The Mama Ayesha's Restaurant Presidential Mural", 'The Punic Wars: Rome vs Carthage, 264-146 B.C.', 'blood and soil', 'Songun', 'Italian nationalism', 'neonationalism', 'scientific communism', 'tripartism', 'Monopoly', 'Avalanche: The Salerno Landings', 'Piercing the Reich', 'Wavre: The Lost Opportunity', 'Christian democracy', 'Saint Onuphrius (Tzanes)', 'Eson xorgol', 'The Creature That Ate Sheboygan', 'Turkish draughts', 'Texas secession', 'Les Choristes', 'European values', 'Simmons v. United States', 'Mensch ärgere dich nicht', 'Lady the Lambovitissa', 'The Campaign for North Africa', 'Trump v. Hawaii', 'Trains', 'cherry pit spitting', 'aeroplane chess', 'Parks on the Air', '27 Club graffiti in Tel Aviv', 'New York Tugboat Race', 'Murals of Chapel Hill', 'Princes of the House of Timur', 'The Archangel Michael (Poulakis)', 'Pakistani nationalism', 'Road to Richmond', 'Scottish republicanism', 'Lovejoy Columns', 'Hunt test', 'four square', 'Packy mural', 'MicroMacro: Crime City', 'Earthdog trial', 'federalism in Spain', 'Santa Clara County v. Southern Pacific Railroad', 'Jahangir Preferring a Sufi Shaikh to Kings', 'Deng Xiaoping Theory', 'Boynton v. Virginia', 'Virgin of the Burning Bush (Damaskinos)', 'Roliball', 'Unentschieden', 'Nasserism', 'anarcho-capitalism', 'Lure coursing', 'Thirteen Most Wanted Men', '1942', 'religious socialism', 'Dameo', 'Salem witchcraft trial', 'Saint Anne with the Virgin', 'Blachernitissa', 'traditionalist conservatism', 'liberal feminism', 'anarcho-communism', 'Tragic Prelude', 'tractor pulling', 'Hill v. Church of Scientology of Toronto', 'Empire Builder', 'Carpenter v. United States', 'Pornocrates', 'Pallanguzhi', 'Tower', 'Sheepdog trial', 'Presentation at the Temple', 'Theotokos of Buchyn', 'national liberalism', 'Maurrassisme', 'Squad Leader', 'San Damiano cross', 'prosecution of Donald Trump in Georgia', 'History of the World', 'La Bataille de Corunna–Espagnol', 'Supercharge: Battle of El Alamein, October 1942', 'Castroism', 'Russian draughts', 'Brazilian Integralism', "Madonna di sant'Alessio", 'Chaupar', '3-Gun', 'Crucifixion', 'Wagner Murals', 'The Warlord', 'Christ Pantocrator (Sinai)', 'state socialism', 'Ugandan nationalism', 'The Moscow Campaign', 'Naruto run', 'Musket & Pike', 'democratic socialism', 'Panagia Portaitissa', 'Self Portrait', 'Bloody April: The Battle of Shiloh, 1862', 'Arrival of the Hungarians', 'socialist feminism', 'Brenner v. Manson', 'English draughts', 'one-nation conservatism', 'Kemalism', 'Antiquization', 'Procession', 'Descent on Crete', "Jean Wauquelin presenting his 'Chroniques de Hainaut' to Philip the Good"]
Generating factual feature sentences for concept: youth association football
	Generation result for youth association football: True
Generating factual feature sentences for concept: 2015 World Single Distance Speed Skating Championships – women's 5000 metres
Wikipedia page for concept '2015 World Single Distance Speed Skating Championships – women's 5000 metres' DOES NOT exist. Skipping generation.
	Generation result for 2015 World Single Distance Speed Skating Championships – women's 5000 metres: False
Generating factual feature sentences for concept: 2011 World Single Distance Speed Skating Championships – men's 5000 metres
Wikipedia page for concept '2011 World Single Distance Speed Skating Championships – men's 5000 metres' DOES NOT exist. Skipping generation.
	Generation result for 2011 World Single Distance Speed Skating Championships – men's 5000 metres: False
Generating factual feature sentences for concept: Hound trailing
	Generation result for Hound trailing: False
Generating factual feature sentences for concept: Fuzzball
Concept 'Fuzzball' has insufficient Wikipedia text (67 words). Skipping generation.
	Generation result for Fuzzball: False
Generating factual feature sentences for concept: Eton wall game
no match Fact: 'It is a game that originated at and is still played at Eton College.'
	Generation result for Eton wall game: False
Generating factual feature sentences for concept: Ambiancecross
Concept 'Ambiancecross' has insufficient Wikipedia text (188 words). Skipping generation.
	Generation result for Ambiancecross: False
Generating factual feature sentences for concept: 2015 World Single Distance Speed Skating Championships – men's team pursuit
Wikipedia page for concept '2015 World Single Distance Speed Skating Championships – men's team pursuit' DOES NOT exist. Skipping generation.
	Generation result for 2015 World Single Distance Speed Skating Championships – men's team pursuit: False
Generating factual feature sentences for concept: geohashing
Concept 'geohashing' has insufficient Wikipedia text (446 words). Skipping generation.
	Generation result for geohashing: False
Generating factual feature sentences for concept: 2013 World Single Distance Speed Skating Championships – women's 5000 metres
Wikipedia page for concept '2013 World Single Distance Speed Skating Championships – women's 5000 metres' DOES NOT exist. Skipping generation.
	Generation result for 2013 World Single Distance Speed Skating Championships – women's 5000 metres: False
Generating factual feature sentences for concept: pumpkin chunking
	Generation result for pumpkin chunking: True
Generating factual feature sentences for concept: Stawell Gift
	Generation result for Stawell Gift: True
Generating factual feature sentences for concept: 2011 World Single Distance Speed Skating Championships – women's 3000 metres
Wikipedia page for concept '2011 World Single Distance Speed Skating Championships – women's 3000 metres' DOES NOT exist. Skipping generation.
	Generation result for 2011 World Single Distance Speed Skating Championships – women's 3000 metres: False
Generating factual feature sentences for concept: 2011 World Single Distance Speed Skating Championships – women's 1500 metres
Wikipedia page for concept '2011 World Single Distance Speed Skating Championships – women's 1500 metres' DOES NOT exist. Skipping generation.
	Generation result for 2011 World Single Distance Speed Skating Championships – women's 1500 metres: False
Generating factual feature sentences for concept: 2015 World Single Distance Speed Skating Championships – men's 1000 metres
Wikipedia page for concept '2015 World Single Distance Speed Skating Championships – men's 1000 metres' DOES NOT exist. Skipping generation.
	Generation result for 2015 World Single Distance Speed Skating Championships – men's 1000 metres: False
Generating factual feature sentences for concept: Elfstedentocht
	Generation result for Elfstedentocht: False
Generating factual feature sentences for concept: Flyball
no match Fact: 'Herbert Wagner is credited with inventing the first real flyball box.'
	Generation result for Flyball: True
Generating factual feature sentences for concept: cherry pit spitting
!!! Changed: HasFeatureOf -> AssociatedWith: It is associated with the start of the Cherry season.
	Generation result for cherry pit spitting: True
Generating factual feature sentences for concept: seven stones
no match Fact: 'It is known by various other names.'
	Generation result for seven stones: True
Generating factual feature sentences for concept: 2011 World Single Distance Speed Skating Championships – men's team pursuit
Wikipedia page for concept '2011 World Single Distance Speed Skating Championships – men's team pursuit' DOES NOT exist. Skipping generation.
	Generation result for 2011 World Single Distance Speed Skating Championships – men's team pursuit: False
Generating factual feature sentences for concept: ice cricket
!!! Changed: HeldIn -> HeldOn: It was held on Chantry Water Mill Pond, Storrington.
no match Fact: 'It was held near Market Harborough.'
!!! Changed: HeldIn -> HeldOn: It was held on the English Skating rink at Davos.
!!! Changed: HeldIn -> HeldOn: It was held on Lake St. Moritz.
	Generation result for ice cricket: True
Generating factual feature sentences for concept: Cricket spitting
Concept 'Cricket spitting' has insufficient Wikipedia text (333 words). Skipping generation.
	Generation result for Cricket spitting: False
Generating factual feature sentences for concept: tractor pulling
	Generation result for tractor pulling: False
Generating factual feature sentences for concept: Sinuca brasileira
Concept 'Sinuca brasileira' has insufficient Wikipedia text (471 words). Skipping generation.
	Generation result for Sinuca brasileira: False
Generating factual feature sentences for concept: Equine agility
Concept 'Equine agility' has insufficient Wikipedia text (258 words). Skipping generation.
	Generation result for Equine agility: False
Generating factual feature sentences for concept: Two-foot high kick
Concept 'Two-foot high kick' has insufficient Wikipedia text (292 words). Skipping generation.
	Generation result for Two-foot high kick: False
Generating factual feature sentences for concept: professional wrestling
	Generation result for professional wrestling: True
Generating factual feature sentences for concept: Hunting the Clean Boot
Concept 'Hunting the Clean Boot' has insufficient Wikipedia text (174 words). Skipping generation.
	Generation result for Hunting the Clean Boot: False
Generating factual feature sentences for concept: 1910 London to Manchester air race
	Generation result for 1910 London to Manchester air race: False
Generating factual feature sentences for concept: Barcelona Firefighter's Run
Wikipedia page for concept 'Barcelona Firefighter's Run' DOES NOT exist. Skipping generation.
	Generation result for Barcelona Firefighter's Run: False
Generating factual feature sentences for concept: table tennis at the 2023 African Games – women's singles
Wikipedia page for concept 'table tennis at the 2023 African Games – women's singles' DOES NOT exist. Skipping generation.
	Generation result for table tennis at the 2023 African Games – women's singles: False
Generating factual feature sentences for concept: Naruto run
	Generation result for Naruto run: False
Generating factual feature sentences for concept: tee-ball
!!! Changed: HeldIn -> HeldOn: It was held on the South Lawn of the White House.
no match Fact: 'It was published overseas.'
	Generation result for tee-ball: True
Generating factual feature sentences for concept: Banana Pancake Trail
Concept 'Banana Pancake Trail' has insufficient Wikipedia text (341 words). Skipping generation.
	Generation result for Banana Pancake Trail: False
Generating factual feature sentences for concept: Earthdog trial
	Generation result for Earthdog trial: True
Generating factual feature sentences for concept: Monaco Grand Prix Formula Three support race
	Generation result for Monaco Grand Prix Formula Three support race: False
Generating factual feature sentences for concept: tubing
Concept 'tubing' has insufficient Wikipedia text (85 words). Skipping generation.
	Generation result for tubing: False
Generating factual feature sentences for concept: stickball
Concept 'stickball' has insufficient Wikipedia text (366 words). Skipping generation.
	Generation result for stickball: False
Generating factual feature sentences for concept: Race of Champions
	Generation result for Race of Champions: True
Generating factual feature sentences for concept: 2015 World Single Distance Speed Skating Championships – men's 500 metres
Wikipedia page for concept '2015 World Single Distance Speed Skating Championships – men's 500 metres' DOES NOT exist. Skipping generation.
	Generation result for 2015 World Single Distance Speed Skating Championships – men's 500 metres: False
Generating factual feature sentences for concept: Papi fut
Concept 'Papi fut' has insufficient Wikipedia text (40 words). Skipping generation.
	Generation result for Papi fut: False
Generating factual feature sentences for concept: Newcomb ball
	Generation result for Newcomb ball: True
Generating factual feature sentences for concept: Heelwork to music
!!! Changed: CreatedAround -> HasA: It has evolved since the early 1990s.
	Generation result for Heelwork to music: False
Generating factual feature sentences for concept: 2012 World Single Distance Speed Skating Championships – men's 1500 metres
Wikipedia page for concept '2012 World Single Distance Speed Skating Championships – men's 1500 metres' DOES NOT exist. Skipping generation.
	Generation result for 2012 World Single Distance Speed Skating Championships – men's 1500 metres: False
Generating factual feature sentences for concept: Weight pulling
	Generation result for Weight pulling: True
Generating factual feature sentences for concept: four square
no match Fact: 'It dates to at least the 1950s.'
	Generation result for four square: False
Generating factual feature sentences for concept: 2023 4 Hours of Portimão
Concept '2023 4 Hours of Portimão' has insufficient Wikipedia text (129 words). Skipping generation.
	Generation result for 2023 4 Hours of Portimão: False
Generating factual feature sentences for concept: Qianball
Concept 'Qianball' has insufficient Wikipedia text (321 words). Skipping generation.
	Generation result for Qianball: False
Generating factual feature sentences for concept: 2013 World Single Distance Speed Skating Championships – women's 1000 metres
Wikipedia page for concept '2013 World Single Distance Speed Skating Championships – women's 1000 metres' DOES NOT exist. Skipping generation.
	Generation result for 2013 World Single Distance Speed Skating Championships – women's 1000 metres: False
Generating factual feature sentences for concept: James Joyce ramble
no match Fact: 'It is held each year in April.'
	Generation result for James Joyce ramble: False
Generating factual feature sentences for concept: Patagonian Expedition Race
no match Fact: 'It was held from 17 to 30 November 2018.'
	Generation result for Patagonian Expedition Race: True
Generating factual feature sentences for concept: Codeball
Concept 'Codeball' has insufficient Wikipedia text (240 words). Skipping generation.
	Generation result for Codeball: False
Generating factual feature sentences for concept: 2013 World Single Distance Speed Skating Championships – men's 10000 metres
Wikipedia page for concept '2013 World Single Distance Speed Skating Championships – men's 10000 metres' DOES NOT exist. Skipping generation.
	Generation result for 2013 World Single Distance Speed Skating Championships – men's 10000 metres: False
Generating factual feature sentences for concept: 2012 World Single Distance Speed Skating Championships – men's 500 metres
Wikipedia page for concept '2012 World Single Distance Speed Skating Championships – men's 500 metres' DOES NOT exist. Skipping generation.
	Generation result for 2012 World Single Distance Speed Skating Championships – men's 500 metres: False
Generating factual feature sentences for concept: Far Hills Races
no match Fact: 'It is a steeplechase horserace.'
	Generation result for Far Hills Races: True
Generating factual feature sentences for concept: Inner tube water polo
Concept 'Inner tube water polo' has insufficient Wikipedia text (216 words). Skipping generation.
	Generation result for Inner tube water polo: False
Generating factual feature sentences for concept: goose pulling
no match Fact: 'It is still practiced today in parts of Belgium and Germany.'
	Generation result for goose pulling: True
Generating factual feature sentences for concept: skimboarding
	Generation result for skimboarding: False
Generating factual feature sentences for concept: 2015 World Single Distance Speed Skating Championships – men's mass start
Wikipedia page for concept '2015 World Single Distance Speed Skating Championships – men's mass start' DOES NOT exist. Skipping generation.
	Generation result for 2015 World Single Distance Speed Skating Championships – men's mass start: False
Generating factual feature sentences for concept: insect fighting
Concept 'insect fighting' has insufficient Wikipedia text (476 words). Skipping generation.
	Generation result for insect fighting: False
Generating factual feature sentences for concept: pankration
	Generation result for pankration: True
Generating factual feature sentences for concept: Waboba
	Generation result for Waboba: True
Generating factual feature sentences for concept: Patball
	Generation result for Patball: True
Generating factual feature sentences for concept: Bat and trap
	Generation result for Bat and trap: False
Generating factual feature sentences for concept: Pole-sitting
	Generation result for Pole-sitting: True
Generating factual feature sentences for concept: Paleta Frontón
Concept 'Paleta Frontón' has insufficient Wikipedia text (278 words). Skipping generation.
	Generation result for Paleta Frontón: False
Generating factual feature sentences for concept: Disc dog
	Generation result for Disc dog: True
Generating factual feature sentences for concept: High Speed Telegraphy
	Generation result for High Speed Telegraphy: True
Generating factual feature sentences for concept: 2013 World Single Distance Speed Skating Championships – men's 1500 metres
Wikipedia page for concept '2013 World Single Distance Speed Skating Championships – men's 1500 metres' DOES NOT exist. Skipping generation.
	Generation result for 2013 World Single Distance Speed Skating Championships – men's 1500 metres: False
Generating factual feature sentences for concept: Bull-baiting
!!! Changed: OccurredAt -> OccurredIn: It occurred in Smithfield, Dublin.
	Generation result for Bull-baiting: True
Generating factual feature sentences for concept: wellie wanging
Concept 'wellie wanging' has insufficient Wikipedia text (404 words). Skipping generation.
	Generation result for wellie wanging: False
Generating factual feature sentences for concept: dog fighting
!!! Changed: UsedAs -> UsedFor: It is used for gambling.
!!! Changed: UsedAs -> UsedFor: It is used for entertainment.
!!! Changed: UsedAs -> UsedFor: It is used for war.
!!! Changed: UsedAs -> UsedFor: It is used for combat.
	Generation result for dog fighting: True
Generating factual feature sentences for concept: Welsh 1000 m Peaks Race
Concept 'Welsh 1000 m Peaks Race' has insufficient Wikipedia text (351 words). Skipping generation.
	Generation result for Welsh 1000 m Peaks Race: False
Generating factual feature sentences for concept: exhibition shooting
!!! Changed: HasFeatureOf -> HasA: It has speed and accuracy.
	Generation result for exhibition shooting: False
Generating factual feature sentences for concept: Adaptive Standing Tennis
	Generation result for Adaptive Standing Tennis: True
Generating factual feature sentences for concept: bull running
	Generation result for bull running: False
Generating factual feature sentences for concept: buzkashi
no match Fact: 'It originated among nomadic Asian tribes.'
	Generation result for buzkashi: True
Generating factual feature sentences for concept: Laser Standard
Concept 'Laser Standard' has insufficient Wikipedia text (76 words). Skipping generation.
	Generation result for Laser Standard: False
Generating factual feature sentences for concept: skee ball
	Generation result for skee ball: True
Generating factual feature sentences for concept: episkyros
Concept 'episkyros' has insufficient Wikipedia text (386 words). Skipping generation.
	Generation result for episkyros: False
Generating factual feature sentences for concept: 2015 World Single Distance Speed Skating Championships – women's 500 metres
Wikipedia page for concept '2015 World Single Distance Speed Skating Championships – women's 500 metres' DOES NOT exist. Skipping generation.
	Generation result for 2015 World Single Distance Speed Skating Championships – women's 500 metres: False
Generating factual feature sentences for concept: New York Tugboat Race
no match Fact: 'It is a contest for working tugboats.'
!!! Changed: FoundedBy -> FoundedIn: It was founded in part by Captain Jerry Roberts.
!!! Changed: HeldIn -> HeldOn: It was held on Staten Island.
no match Fact: 'It was held at pier 63 Maritime.'
no match Fact: 'It was held at Pier 84.'
	Generation result for New York Tugboat Race: False
Generating factual feature sentences for concept: cageball
Concept 'cageball' has insufficient Wikipedia text (137 words). Skipping generation.
	Generation result for cageball: False
Generating factual feature sentences for concept: Sir Walter Miler
Concept 'Sir Walter Miler' has insufficient Wikipedia text (480 words). Skipping generation.
	Generation result for Sir Walter Miler: False
Generating factual feature sentences for concept: Ram fighting
Concept 'Ram fighting' has insufficient Wikipedia text (306 words). Skipping generation.
	Generation result for Ram fighting: False
Generating factual feature sentences for concept: Ricochet
	Generation result for Ricochet: False
Generating factual feature sentences for concept: 2011 World Single Distance Speed Skating Championships – women's 1000 metres
Wikipedia page for concept '2011 World Single Distance Speed Skating Championships – women's 1000 metres' DOES NOT exist. Skipping generation.
	Generation result for 2011 World Single Distance Speed Skating Championships – women's 1000 metres: False
Generating factual feature sentences for concept: 2015 World Single Distance Speed Skating Championships – women's mass start
Wikipedia page for concept '2015 World Single Distance Speed Skating Championships – women's mass start' DOES NOT exist. Skipping generation.
	Generation result for 2015 World Single Distance Speed Skating Championships – women's mass start: False
Generating factual feature sentences for concept: Sheepdog trial
!!! Changed: HeldOn -> HeldIn: It was held in 1867.
!!! Changed: HeldOn -> HeldIn: It was held in 1868.
!!! Changed: HeldOn -> HeldIn: It was held in 1869.
!!! Changed: HeldOn -> HeldIn: It was held in 1870.
!!! Changed: HeldOn -> HeldIn: It was held in 1871.
!!! Changed: HeldOn -> HeldIn: It was held in 1873.
!!! Changed: HeldOn -> HeldIn: It was held in 1883.
	Generation result for Sheepdog trial: True
Generating factual feature sentences for concept: 2011 World Single Distance Speed Skating Championships – men's 1000 metres
Wikipedia page for concept '2011 World Single Distance Speed Skating Championships – men's 1000 metres' DOES NOT exist. Skipping generation.
	Generation result for 2011 World Single Distance Speed Skating Championships – men's 1000 metres: False
Generating factual feature sentences for concept: Samoa Rules
Concept 'Samoa Rules' has insufficient Wikipedia text (174 words). Skipping generation.
	Generation result for Samoa Rules: False
Generating factual feature sentences for concept: Bando
	Generation result for Bando: False
Generating factual feature sentences for concept: Crocker
Concept 'Crocker' has insufficient Wikipedia text (102 words). Skipping generation.
	Generation result for Crocker: False
Generating factual feature sentences for concept: 3-Gun
	Generation result for 3-Gun: True
Generating factual feature sentences for concept: surfing in Taiwan
Concept 'surfing in Taiwan' has insufficient Wikipedia text (134 words). Skipping generation.
	Generation result for surfing in Taiwan: False
Generating factual feature sentences for concept: 2015 World Single Distance Speed Skating Championships – women's 1500 metres
Wikipedia page for concept '2015 World Single Distance Speed Skating Championships – women's 1500 metres' DOES NOT exist. Skipping generation.
	Generation result for 2015 World Single Distance Speed Skating Championships – women's 1500 metres: False
Generating factual feature sentences for concept: Idiotarod
no match Fact: 'It is a shopping cart race in which teams of five or more "idiots" with a grocery store shopping cart run through the streets of a major metropolitan area.'
	Generation result for Idiotarod: True
Generating factual feature sentences for concept: Trangleball
Concept 'Trangleball' has insufficient Wikipedia text (129 words). Skipping generation.
	Generation result for Trangleball: False
Generating factual feature sentences for concept: ice sailing
!!! Changed: HeldIn -> HeldOn: It was held on the frozen Gulf of Riga.
!!! Changed: HeldIn -> HeldOn: It was held on the Hudson River.
!!! Changed: HeldIn -> HeldOn: It was held on Lake Minnetonka.
!!! Changed: HeldIn -> HeldOn: It was held on White Bear Lake.
!!! Changed: HeldIn -> HeldOn: It was held on Lake Winnebago.
!!! Changed: HeldIn -> HeldOn: It was held on Lake Pepin.
!!! Changed: HeldIn -> HeldOn: It was held on Lake St. Clair.
!!! Changed: HeldIn -> HeldOn: It was held on Lake Ontario.
	Generation result for ice sailing: True
Generating factual feature sentences for concept: Wireball
Concept 'Wireball' has insufficient Wikipedia text (302 words). Skipping generation.
	Generation result for Wireball: False
Generating factual feature sentences for concept: Wallball
Concept 'Wallball' has insufficient Wikipedia text (123 words). Skipping generation.
	Generation result for Wallball: False
Generating factual feature sentences for concept: Mas-wrestling
Concept 'Mas-wrestling' has insufficient Wikipedia text (332 words). Skipping generation.
	Generation result for Mas-wrestling: False
Generating factual feature sentences for concept: Great Northern Concrete Toboggan Race
Concept 'Great Northern Concrete Toboggan Race' has insufficient Wikipedia text (386 words). Skipping generation.
	Generation result for Great Northern Concrete Toboggan Race: False
Generating factual feature sentences for concept: scoutball
	Generation result for scoutball: False
Generating factual feature sentences for concept: Lure coursing
	Generation result for Lure coursing: True
Generating factual feature sentences for concept: Fetch
Concept 'Fetch' has insufficient Wikipedia text (190 words). Skipping generation.
	Generation result for Fetch: False
Generating factual feature sentences for concept: cock throwing
Concept 'cock throwing' has insufficient Wikipedia text (417 words). Skipping generation.
	Generation result for cock throwing: False
Generating factual feature sentences for concept: 2025 Speedway Grand Prix
Concept '2025 Speedway Grand Prix' has insufficient Wikipedia text (329 words). Skipping generation.
	Generation result for 2025 Speedway Grand Prix: False
Generating factual feature sentences for concept: foxhunting
	Generation result for foxhunting: True
Generating factual feature sentences for concept: hapkido
no match Fact: 'It is a Korean martial art.'
	Generation result for hapkido: False
Generating factual feature sentences for concept: Prinz-Heinrich-Fahrt
Concept 'Prinz-Heinrich-Fahrt' has insufficient Wikipedia text (114 words). Skipping generation.
	Generation result for Prinz-Heinrich-Fahrt: False
Generating factual feature sentences for concept: I-500
Concept 'I-500' has insufficient Wikipedia text (192 words). Skipping generation.
	Generation result for I-500: False
Generating factual feature sentences for concept: Home Ball
	Generation result for Home Ball: False
Generating factual feature sentences for concept: Thomas salto
Concept 'Thomas salto' has insufficient Wikipedia text (131 words). Skipping generation.
	Generation result for Thomas salto: False
Generating factual feature sentences for concept: Punchball
!!! Changed: HasFeatureOf -> HasA: It has less risk of losing the ball than a standard game of baseball.
!!! Changed: HasFeatureOf -> HasA: It has less risk of breaking windows than a standard game of baseball.
no match Fact: 'It can be played with fewer people.'
	Generation result for Punchball: False
Generating factual feature sentences for concept: Inter-Allied Games
Concept 'Inter-Allied Games' has insufficient Wikipedia text (381 words). Skipping generation.
	Generation result for Inter-Allied Games: False
Generating factual feature sentences for concept: Donkey Kong high score competition
no match Fact: 'It was held as part of Arcade Expo.'
no match Fact: 'It was performed offline.'
	Generation result for Donkey Kong high score competition: True
Generating factual feature sentences for concept: Sinjska alka
no match Fact: 'It is held on Sunday of a first full weekend in August every year.'
	Generation result for Sinjska alka: False
Generating factual feature sentences for concept: bull riding
	Generation result for bull riding: True
Generating factual feature sentences for concept: Chinese handball
	Generation result for Chinese handball: True
Generating factual feature sentences for concept: bourle
Wikipedia page for concept 'bourle' DOES NOT exist. Skipping generation.
	Generation result for bourle: False
Generating factual feature sentences for concept: Tapawai
Concept 'Tapawai' has insufficient Wikipedia text (114 words). Skipping generation.
	Generation result for Tapawai: False
Generating factual feature sentences for concept: Hailes
Concept 'Hailes' has insufficient Wikipedia text (117 words). Skipping generation.
	Generation result for Hailes: False
Generating factual feature sentences for concept: Great Manchester Run
no match Fact: 'It is an annual run through Greater Manchester.'
no match Fact: 'The half marathon course consists of the 10k course with a 7-mile detour.'
	Generation result for Great Manchester Run: True
Generating factual feature sentences for concept: fox tossing
	Generation result for fox tossing: False
Generating factual feature sentences for concept: hang gliding
	Generation result for hang gliding: True
Generating factual feature sentences for concept: wingfoiling
no match Fact: 'It was developed from kitesurfing, windsurfing and surfing.'
	Generation result for wingfoiling: True
Generating factual feature sentences for concept: 2012 World Single Distance Speed Skating Championships – women's 3000 metres
Wikipedia page for concept '2012 World Single Distance Speed Skating Championships – women's 3000 metres' DOES NOT exist. Skipping generation.
	Generation result for 2012 World Single Distance Speed Skating Championships – women's 3000 metres: False
Generating factual feature sentences for concept: 2013 World Single Distance Speed Skating Championships – men's team pursuit
Wikipedia page for concept '2013 World Single Distance Speed Skating Championships – men's team pursuit' DOES NOT exist. Skipping generation.
	Generation result for 2013 World Single Distance Speed Skating Championships – men's team pursuit: False
Generating factual feature sentences for concept: Kolven
	Generation result for Kolven: True
Generating factual feature sentences for concept: flowriding
no match Fact: 'It is an alternative boardsport incorporating elements of surfing, bodyboarding, slaying, skimboarding, snowboarding and wakeboarding.'
no match Fact: 'It occurred by 2000.'
	Generation result for flowriding: True
Generating factual feature sentences for concept: paraclimbing
no match Fact: 'It is competitive climbing for athletes with disabilities.'
	Generation result for paraclimbing: True
Generating factual feature sentences for concept: Dock jumping
	Generation result for Dock jumping: True
Generating factual feature sentences for concept: Jollyball
Concept 'Jollyball' has insufficient Wikipedia text (166 words). Skipping generation.
	Generation result for Jollyball: False
Generating factual feature sentences for concept: Waterball
no match Fact: 'It occurred overseas.'
no match Fact: 'It is used worldwide.'
	Generation result for Waterball: True
Generating factual feature sentences for concept: frog jumping contest
Concept 'frog jumping contest' has insufficient Wikipedia text (184 words). Skipping generation.
	Generation result for frog jumping contest: False
Generating factual feature sentences for concept: Coasteering
no match Fact: 'It is movement along the intertidal zone of a rocky coastline on foot or by swimming, without the aid of boats, surf boards or other craft.'
no match Fact: 'It occurred along the coastline.'
no match Fact: 'It occurred along the cliff coastline of St.Davids in Pembrokeshire in Wales.'
	Generation result for Coasteering: True
Generating factual feature sentences for concept: Race the Train
Concept 'Race the Train' has insufficient Wikipedia text (332 words). Skipping generation.
	Generation result for Race the Train: False
Generating factual feature sentences for concept: flag football
!!! Changed: InventedBy -> InventedIn: It was invented in America.
	Generation result for flag football: True
Generating factual feature sentences for concept: human-baiting
	Generation result for human-baiting: False
Generating factual feature sentences for concept: 2023 4 Hours of Sepang
Concept '2023 4 Hours of Sepang' has insufficient Wikipedia text (183 words). Skipping generation.
	Generation result for 2023 4 Hours of Sepang: False
Generating factual feature sentences for concept: Hunt test
	Generation result for Hunt test: True
Generating factual feature sentences for concept: 16-inch softball
no match Fact: 'It was held the weekend after Labor Day for almost forty years in the Bay City, Michigan, area.'
	Generation result for 16-inch softball: True
Generating factual feature sentences for concept: Rarajipari
Concept 'Rarajipari' has insufficient Wikipedia text (199 words). Skipping generation.
	Generation result for Rarajipari: False
Generating factual feature sentences for concept: Parks on the Air
	Generation result for Parks on the Air: True
Generating factual feature sentences for concept: 2012 World Single Distance Speed Skating Championships – women's 500 metres
Wikipedia page for concept '2012 World Single Distance Speed Skating Championships – women's 500 metres' DOES NOT exist. Skipping generation.
	Generation result for 2012 World Single Distance Speed Skating Championships – women's 500 metres: False
Generating factual feature sentences for concept: gaga
Concept 'gaga' has insufficient Wikipedia text (178 words). Skipping generation.
	Generation result for gaga: False
Generating factual feature sentences for concept: pram race
Concept 'pram race' has insufficient Wikipedia text (228 words). Skipping generation.
	Generation result for pram race: False
Generating factual feature sentences for concept: high kick
Concept 'high kick' has insufficient Wikipedia text (292 words). Skipping generation.
	Generation result for high kick: False
Generating factual feature sentences for concept: WCMX
Concept 'WCMX' has insufficient Wikipedia text (365 words). Skipping generation.
	Generation result for WCMX: False
Generating factual feature sentences for concept: chess boxing
Traceback (most recent call last):
  File "/home/toko/project/EmbedNewConcept-20260305/src/gen_features_from_wiki.py", line 424, in <module>
    main(args)
  File "/home/toko/project/EmbedNewConcept-20260305/src/gen_features_from_wiki.py", line 157, in main
    gen_succeeded = gen_and_save_wiki_fact_extraction_for_concept(
                    ^^^^^^^^^^^^^^^^^^^^^^^^^^^^^^^^^^^^^^^^^^^^^^
  File "/home/toko/project/EmbedNewConcept-20260305/src/gen_features_from_wiki.py", line 249, in gen_and_save_wiki_fact_extraction_for_concept
    parsed_organized = organize_response(response.parsed, rel_to_maskedSentence)
                       ^^^^^^^^^^^^^^^^^^^^^^^^^^^^^^^^^^^^^^^^^^^^^^^^^^^^^^^^^
  File "/home/toko/project/EmbedNewConcept-20260305/src/gen_features_from_wiki.py", line 300, in organize_response
    features = sum(parsed['english'].values(), [])
                   ~~~~~~^^^^^^^^^^^
TypeError: 'NoneType' object is not subscriptable
